<?xml version="1.0" encoding="UTF-8"?>
<testsuite name="MinesweeperTest" tests="1" skipped="0" failures="0" errors="0" timestamp="2025-02-14T21:18:27" hostname="DESKTOP-GSLME3N" time="0.069">
  <properties/>
  <testcase name="start" classname="MinesweeperTest" time="0.069"/>
  <system-out><![CDATA[?[1;31m
Start test 1?[0m
X........
.........
X.X......
......X.X
........X
.........
X.X.X....
.........
.........
]]></system-out>
  <system-err><![CDATA[]]></system-err>
</testsuite>
